Using pre-set license
Built from '2020.3/staging' branch; Version is '2020.3.8f1 (507919d4fff5) revision 5273881'; Using compiler version '192528614'; Build Type 'Release'
OS: 'Windows 10 Pro; OS build 19045.3803; Version 2009; 64bit' Language: 'es' Physical Memory: 16315 MB
BatchMode: 1, IsHumanControllingUs: 0, StartBugReporterOnCrash: 0, Is64bit: 1, IsPro: 0

 COMMAND LINE ARGUMENTS:
C:\Program Files\Unity\Hub\Editor\2020.3.8f1\Editor\Unity.exe
-adb2
-batchMode
-noUpm
-name
AssetImportWorker0
-projectPath
H:/repos/Cube-bot/BallGame
-logFile
Logs/AssetImportWorker0.log
-srvPort
59466
Successfully changed project path to: H:/repos/Cube-bot/BallGame
H:/repos/Cube-bot/BallGame
Using Asset Import Pipeline V2.
Refreshing native plugins compatible for Editor in 52.79 ms, found 3 plugins.
Preloading 0 native plugins for Editor in 0.00 ms.
Initialize engine version: 2020.3.8f1 (507919d4fff5)
[Subsystems] Discovering subsystems at path C:/Program Files/Unity/Hub/Editor/2020.3.8f1/Editor/Data/Resources/UnitySubsystems
[Subsystems] Discovering subsystems at path H:/repos/Cube-bot/BallGame/Assets
GfxDevice: creating device client; threaded=0
Direct3D:
    Version:  Direct3D 11.0 [level 11.1]
    Renderer: Radeon (TM) RX 470 Graphics (ID=0x67df)
    Vendor:   
    VRAM:     4039 MB
    Driver:   31.0.21023.2010
Initialize mono
Mono path[0] = 'C:/Program Files/Unity/Hub/Editor/2020.3.8f1/Editor/Data/Managed'
Mono path[1] = 'C:/Program Files/Unity/Hub/Editor/2020.3.8f1/Editor/Data/MonoBleedingEdge/lib/mono/unityjit'
Mono config path = 'C:/Program Files/Unity/Hub/Editor/2020.3.8f1/Editor/Data/MonoBleedingEdge/etc'
Using monoOptions --debugger-agent=transport=dt_socket,embedding=1,server=y,suspend=n,address=127.0.0.1:56056
Begin MonoManager ReloadAssembly
Registering precompiled unity dll's ...
Register platform support module: C:/Program Files/Unity/Hub/Editor/2020.3.8f1/Editor/Data/PlaybackEngines/WindowsStandaloneSupport/UnityEditor.WindowsStandalone.Extensions.dll
Registered in 0.003310 seconds.
Native extension for WindowsStandalone target not found
Refreshing native plugins compatible for Editor in 50.41 ms, found 3 plugins.
Preloading 0 native plugins for Editor in 0.00 ms.
Mono: successfully reloaded assembly
- Completed reload, in  4.248 seconds
Platform modules already initialized, skipping
Registering precompiled user dll's ...
Registered in 0.005005 seconds.
Begin MonoManager ReloadAssembly
Native extension for WindowsStandalone target not found
Refreshing native plugins compatible for Editor in 48.95 ms, found 3 plugins.
Preloading 0 native plugins for Editor in 0.00 ms.
Mono: successfully reloaded assembly
- Completed reload, in  1.338 seconds
Platform modules already initialized, skipping
========================================================================
Worker process is ready to serve import requests
Launched and connected shader compiler UnityShaderCompiler.exe after 0.05 seconds
Refreshing native plugins compatible for Editor in 0.49 ms, found 3 plugins.
Preloading 0 native plugins for Editor in 0.00 ms.
Unloading 2166 Unused Serialized files (Serialized files now loaded: 0)
System memory in use before: 102.6 MB.
System memory in use after: 102.7 MB.

Unloading 27 unused Assets to reduce memory usage. Loaded Objects now: 2612.
Total: 2.285500 ms (FindLiveObjects: 0.228000 ms CreateObjectMapping: 0.053800 ms MarkObjects: 1.977800 ms  DeleteObjects: 0.024600 ms)

========================================================================
Received Import Request.
  path: Assets/Scenes/Level1.unity
  artifactKey: Guid(8ee2f6c8afb4d764ba97ff636de69291) Importer(815301076,1909f56bfc062723c751e8b465ee728b)
Start importing Assets/Scenes/Level1.unity using Guid(8ee2f6c8afb4d764ba97ff636de69291) Importer(815301076,1909f56bfc062723c751e8b465ee728b)  -> (artifact id: '895548c421b17f12a0b257dcfc908262') in 0.038903 seconds
  Import took 0.064250 seconds .

========================================================================
Received Prepare
Refreshing native plugins compatible for Editor in 12.60 ms, found 3 plugins.
Preloading 0 native plugins for Editor in 0.00 ms.
Unloading 15 Unused Serialized files (Serialized files now loaded: 0)
System memory in use before: 57.7 MB.
System memory in use after: 57.8 MB.

Unloading 14 unused Assets to reduce memory usage. Loaded Objects now: 2612.
Total: 5.449700 ms (FindLiveObjects: 0.400000 ms CreateObjectMapping: 0.114400 ms MarkObjects: 4.893500 ms  DeleteObjects: 0.039900 ms)

========================================================================
Received Prepare
Registering precompiled user dll's ...
Registered in 0.005300 seconds.
Begin MonoManager ReloadAssembly
Native extension for WindowsStandalone target not found
Refreshing native plugins compatible for Editor in 0.52 ms, found 3 plugins.
Preloading 0 native plugins for Editor in 0.00 ms.
Mono: successfully reloaded assembly
- Completed reload, in  1.262 seconds
Platform modules already initialized, skipping
Switching build target platform(5) subTarget(0) extendedPlatform(0) -> platform(13) subTarget(537395200) extendedPlatform(0)
Refreshing native plugins compatible for Editor in 0.54 ms, found 3 plugins.
Preloading 0 native plugins for Editor in 0.00 ms.
Unloading 2134 Unused Serialized files (Serialized files now loaded: 0)
System memory in use before: 99.3 MB.
System memory in use after: 99.5 MB.

Unloading 17 unused Assets to reduce memory usage. Loaded Objects now: 2615.
Total: 2.397200 ms (FindLiveObjects: 0.220500 ms CreateObjectMapping: 0.051900 ms MarkObjects: 2.104800 ms  DeleteObjects: 0.018700 ms)

AssetImportParameters requested are different than current active one (requested -> active):
  custom:graphics/normal-map-encoding: 01000000000000000000000000000000 -> 02000000000000000000000000000000
========================================================================
Received Prepare
Registering precompiled user dll's ...
Registered in 0.004916 seconds.
Begin MonoManager ReloadAssembly
Native extension for WindowsStandalone target not found
Refreshing native plugins compatible for Editor in 1.04 ms, found 3 plugins.
Preloading 0 native plugins for Editor in 0.00 ms.
Mono: successfully reloaded assembly
- Completed reload, in  1.282 seconds
Platform modules already initialized, skipping
Switching build target platform(5) subTarget(0) extendedPlatform(0) -> platform(13) subTarget(537395200) extendedPlatform(0)
Refreshing native plugins compatible for Editor in 0.51 ms, found 3 plugins.
Preloading 0 native plugins for Editor in 0.00 ms.
Unloading 2134 Unused Serialized files (Serialized files now loaded: 0)
System memory in use before: 99.4 MB.
System memory in use after: 99.5 MB.

Unloading 17 unused Assets to reduce memory usage. Loaded Objects now: 2618.
Total: 2.382400 ms (FindLiveObjects: 0.206900 ms CreateObjectMapping: 0.080800 ms MarkObjects: 2.069200 ms  DeleteObjects: 0.024500 ms)

AssetImportParameters requested are different than current active one (requested -> active):
  custom:graphics/normal-map-encoding: 01000000000000000000000000000000 -> 02000000000000000000000000000000
========================================================================
Received Import Request.
  Time since last request: 59.800886 seconds.
  path: Assets/Scenes/Level8.unity
  artifactKey: Guid(ec1b92733feb6644d91e396d4cc68d67) Importer(815301076,1909f56bfc062723c751e8b465ee728b)
Start importing Assets/Scenes/Level8.unity using Guid(ec1b92733feb6644d91e396d4cc68d67) Importer(815301076,1909f56bfc062723c751e8b465ee728b)  -> (artifact id: '8b5c39c3479ec3f43186cab5c4c900f5') in 0.019882 seconds
  Import took 0.026712 seconds .

========================================================================
Received Import Request.
  Time since last request: 5.760063 seconds.
  path: Assets/Scenes/Level9.unity
  artifactKey: Guid(7bc8bebcfd495384f9fc11cecdfa34c6) Importer(815301076,1909f56bfc062723c751e8b465ee728b)
Start importing Assets/Scenes/Level9.unity using Guid(7bc8bebcfd495384f9fc11cecdfa34c6) Importer(815301076,1909f56bfc062723c751e8b465ee728b)  -> (artifact id: 'd7edfdee4ef87e8a772b12a269a92bcc') in 0.022912 seconds
  Import took 0.046484 seconds .

========================================================================
Received Import Request.
  Time since last request: 10.598353 seconds.
  path: Assets/Scenes/Level11.unity
  artifactKey: Guid(f53553f4f4475274c8029c30d99e4114) Importer(815301076,1909f56bfc062723c751e8b465ee728b)
Start importing Assets/Scenes/Level11.unity using Guid(f53553f4f4475274c8029c30d99e4114) Importer(815301076,1909f56bfc062723c751e8b465ee728b)  -> (artifact id: '770bdb8901e3d9312f24c2e1cd8da11b') in 0.008913 seconds
  Import took 0.048985 seconds .

========================================================================
Received Import Request.
  Time since last request: 6.850418 seconds.
  path: Assets/Scenes/Level12.unity
  artifactKey: Guid(e34baa1718958e44cbc53e5c6aa44f58) Importer(815301076,1909f56bfc062723c751e8b465ee728b)
Start importing Assets/Scenes/Level12.unity using Guid(e34baa1718958e44cbc53e5c6aa44f58) Importer(815301076,1909f56bfc062723c751e8b465ee728b)  -> (artifact id: '51d3f292e043b34612401c24a3030d90') in 0.010099 seconds
  Import took 0.031588 seconds .

========================================================================
Received Import Request.
  Time since last request: 5.311753 seconds.
  path: Assets/Scenes/Level13.unity
  artifactKey: Guid(a9536c5772598c549aaf039cf58c47d2) Importer(815301076,1909f56bfc062723c751e8b465ee728b)
Start importing Assets/Scenes/Level13.unity using Guid(a9536c5772598c549aaf039cf58c47d2) Importer(815301076,1909f56bfc062723c751e8b465ee728b)  -> (artifact id: '47cbc97bbb2c461ae6d8d8aaa9d3906a') in 0.009225 seconds
  Import took 0.029300 seconds .

========================================================================
Received Import Request.
  Time since last request: 16.201718 seconds.
  path: Assets/Scenes/Level15.unity
  artifactKey: Guid(b08d21f07b7972f44bc95f67ad8017e2) Importer(815301076,1909f56bfc062723c751e8b465ee728b)
Start importing Assets/Scenes/Level15.unity using Guid(b08d21f07b7972f44bc95f67ad8017e2) Importer(815301076,1909f56bfc062723c751e8b465ee728b)  -> (artifact id: '92150cc2ad67721b518f48b9a363c9fb') in 0.008635 seconds
  Import took 0.021512 seconds .

========================================================================
Received Import Request.
  Time since last request: 4.806750 seconds.
  path: Assets/Scenes/Level2.unity
  artifactKey: Guid(664ffe1470eb3da4190c2e591baf2c88) Importer(815301076,1909f56bfc062723c751e8b465ee728b)
Start importing Assets/Scenes/Level2.unity using Guid(664ffe1470eb3da4190c2e591baf2c88) Importer(815301076,1909f56bfc062723c751e8b465ee728b)  -> (artifact id: '7bab52c4639f57089a332c9d715c841b') in 0.009951 seconds
  Import took 0.033285 seconds .

========================================================================
Received Import Request.
  Time since last request: 5.737427 seconds.
  path: Assets/Scenes/Level3.unity
  artifactKey: Guid(0fe3cc6970e0d9848a83386e3b4c268c) Importer(815301076,1909f56bfc062723c751e8b465ee728b)
Start importing Assets/Scenes/Level3.unity using Guid(0fe3cc6970e0d9848a83386e3b4c268c) Importer(815301076,1909f56bfc062723c751e8b465ee728b)  -> (artifact id: '61db9f0c00bf906bd2eb1e21419ef6b5') in 0.010084 seconds
  Import took 0.029653 seconds .

========================================================================
Received Import Request.
  Time since last request: 11.052716 seconds.
  path: Assets/Scenes/Level6.unity
  artifactKey: Guid(ccbf952a03322914583f5fd004ba7a08) Importer(815301076,1909f56bfc062723c751e8b465ee728b)
Start importing Assets/Scenes/Level6.unity using Guid(ccbf952a03322914583f5fd004ba7a08) Importer(815301076,1909f56bfc062723c751e8b465ee728b)  -> (artifact id: '9f9bbecd7f8d4e18d36b05c12d0cf2a6') in 0.009198 seconds
  Import took 0.064945 seconds .

========================================================================
Received Import Request.
  Time since last request: 6.571866 seconds.
  path: Assets/Scenes/Level4.unity
  artifactKey: Guid(af06182a71d1bf149aedf34db970d9ea) Importer(815301076,1909f56bfc062723c751e8b465ee728b)
Start importing Assets/Scenes/Level4.unity using Guid(af06182a71d1bf149aedf34db970d9ea) Importer(815301076,1909f56bfc062723c751e8b465ee728b)  -> (artifact id: '179cbbe9ab0f6f7b035ed7ee73f87ace') in 0.008470 seconds
  Import took 0.023508 seconds .

========================================================================
Received Import Request.
  Time since last request: 4.404580 seconds.
  path: Assets/Scenes/Level0.unity
  artifactKey: Guid(55c1a3e68b5efda4cbaff6c52bdc3d1d) Importer(815301076,1909f56bfc062723c751e8b465ee728b)
Start importing Assets/Scenes/Level0.unity using Guid(55c1a3e68b5efda4cbaff6c52bdc3d1d) Importer(815301076,1909f56bfc062723c751e8b465ee728b)  -> (artifact id: '5ce88f4c0af09925c704eaa0e1cc90af') in 0.010188 seconds
  Import took 0.022859 seconds .

========================================================================
Received Prepare
Registering precompiled user dll's ...
Registered in 0.004831 seconds.
Begin MonoManager ReloadAssembly
Native extension for WindowsStandalone target not found
Refreshing native plugins compatible for Editor in 0.51 ms, found 3 plugins.
Preloading 0 native plugins for Editor in 0.00 ms.
Mono: successfully reloaded assembly
- Completed reload, in  1.301 seconds
Platform modules already initialized, skipping
Switching build target platform(5) subTarget(0) extendedPlatform(0) -> platform(13) subTarget(537395200) extendedPlatform(0)
Refreshing native plugins compatible for Editor in 0.51 ms, found 3 plugins.
Preloading 0 native plugins for Editor in 0.00 ms.
Unloading 2134 Unused Serialized files (Serialized files now loaded: 0)
System memory in use before: 99.5 MB.
System memory in use after: 99.6 MB.

Unloading 17 unused Assets to reduce memory usage. Loaded Objects now: 2621.
Total: 2.285000 ms (FindLiveObjects: 0.220900 ms CreateObjectMapping: 0.052000 ms MarkObjects: 1.994300 ms  DeleteObjects: 0.016700 ms)

AssetImportParameters requested are different than current active one (requested -> active):
  custom:graphics/normal-map-encoding: 01000000000000000000000000000000 -> 02000000000000000000000000000000
